Determining if the pthread_create exist failed with the following output:
Change Dir: /home/funtime/catkin_ws/build/CMakeFiles/CMakeTmp

Run Build Command:"/usr/bin/make" "cmTC_690af/fast"
/usr/bin/make -f CMakeFiles/cmTC_690af.dir/build.make CMakeFiles/cmTC_690af.dir/build
make[1]: Entering directory '/home/funtime/catkin_ws/build/CMakeFiles/CMakeTmp'
Building C object CMakeFiles/cmTC_690af.dir/CheckSymbolExists.c.o
/usr/bin/cc    -o CMakeFiles/cmTC_690af.dir/CheckSymbolExists.c.o   -c /home/funtime/catkin_ws/build/CMakeFiles/CMakeTmp/CheckSymbolExists.c
Linking C executable cmTC_690af
/usr/bin/cmake -E cmake_link_script CMakeFiles/cmTC_690af.dir/link.txt --verbose=1
/usr/bin/cc      -rdynamic CMakeFiles/cmTC_690af.dir/CheckSymbolExists.c.o  -o cmTC_690af 
CMakeFiles/cmTC_690af.dir/CheckSymbolExists.c.o: In function `main':
CheckSymbolExists.c:(.text+0x14): undefined reference to `pthread_create'
CheckSymbolExists.c:(.text+0x18): undefined reference to `pthread_create'
collect2: error: ld returned 1 exit status
CMakeFiles/cmTC_690af.dir/build.make:97: recipe for target 'cmTC_690af' failed
make[1]: *** [cmTC_690af] Error 1
make[1]: Leaving directory '/home/funtime/catkin_ws/build/CMakeFiles/CMakeTmp'
Makefile:126: recipe for target 'cmTC_690af/fast' failed
make: *** [cmTC_690af/fast] Error 2

File /home/funtime/catkin_ws/build/CMakeFiles/CMakeTmp/CheckSymbolExists.c:
/* */
#include <pthread.h>

int main(int argc, char** argv)
{
  (void)argv;
#ifndef pthread_create
  return ((int*)(&pthread_create))[argc];
#else
  (void)argc;
  return 0;
#endif
}

Determining if the function pthread_create exists in the pthreads failed with the following output:
Change Dir: /home/funtime/catkin_ws/build/CMakeFiles/CMakeTmp

Run Build Command:"/usr/bin/make" "cmTC_0e114/fast"
/usr/bin/make -f CMakeFiles/cmTC_0e114.dir/build.make CMakeFiles/cmTC_0e114.dir/build
make[1]: Entering directory '/home/funtime/catkin_ws/build/CMakeFiles/CMakeTmp'
Building C object CMakeFiles/cmTC_0e114.dir/CheckFunctionExists.c.o
/usr/bin/cc   -DCHECK_FUNCTION_EXISTS=pthread_create   -o CMakeFiles/cmTC_0e114.dir/CheckFunctionExists.c.o   -c /usr/share/cmake-3.10/Modules/CheckFunctionExists.c
Linking C executable cmTC_0e114
/usr/bin/cmake -E cmake_link_script CMakeFiles/cmTC_0e114.dir/link.txt --verbose=1
/usr/bin/cc  -DCHECK_FUNCTION_EXISTS=pthread_create    -rdynamic CMakeFiles/cmTC_0e114.dir/CheckFunctionExists.c.o  -o cmTC_0e114 -lpthreads 
/usr/bin/ld: cannot find -lpthreads
collect2: error: ld returned 1 exit status
CMakeFiles/cmTC_0e114.dir/build.make:97: recipe for target 'cmTC_0e114' failed
make[1]: *** [cmTC_0e114] Error 1
make[1]: Leaving directory '/home/funtime/catkin_ws/build/CMakeFiles/CMakeTmp'
Makefile:126: recipe for target 'cmTC_0e114/fast' failed
make: *** [cmTC_0e114/fast] Error 2


